<?xml version="1.0" encoding="UTF-8"?>
<Site BuildName="(empty)"
	BuildStamp="20251126-0534-Experimental"
	Name="(empty)"
	Generator="ctest-3.22.1"
	CompilerName=""
	CompilerVersion=""
	OSName="Linux"
	Hostname="3707b58d500a"
	OSRelease="6.12.5-linuxkit"
	OSVersion="#1 SMP Tue Jan 21 10:23:32 UTC 2025"
	OSPlatform="aarch64"
	Is64Bits="1"
	VendorString=""
	VendorID="Unknown Manufacturer"
	FamilyID="8"
	ModelID="0"
	ProcessorCacheSize="0"
	NumberOfLogicalCPU="8"
	NumberOfPhysicalCPU="1"
	TotalVirtualMemory="1023"
	TotalPhysicalMemory="3917"
	LogicalProcessorsPerPhysical="8"
	ProcessorClockFrequency="0"
	>
	<Testing>
		<StartDateTime>Nov 26 08:34 UTC</StartDateTime>
		<StartTestTime>1764146070</StartTestTime>
		<TestList/>
		<EndDateTime>Nov 26 08:34 UTC</EndDateTime>
		<EndTestTime>1764146070</EndTestTime>
		<ElapsedMinutes>0</ElapsedMinutes>
	</Testing>
</Site>
